Determining if the pthread_create exist failed with the following output:
Change Dir: /home/lyw/catkin_rovio/build/catkin_tools_prebuild/CMakeFiles/CMakeTmp

Run Build Command:/usr/bin/make "cmTryCompileExec1014869262/fast"
/usr/bin/make -f CMakeFiles/cmTryCompileExec1014869262.dir/build.make CMakeFiles/cmTryCompileExec1014869262.dir/build
make[1]: Entering directory `/home/lyw/catkin_rovio/build/catkin_tools_prebuild/CMakeFiles/CMakeTmp'
/usr/bin/cmake -E cmake_progress_report /home/lyw/catkin_rovio/build/catkin_tools_prebuild/CMakeFiles/CMakeTmp/CMakeFiles 1
Building C object CMakeFiles/cmTryCompileExec1014869262.dir/CheckSymbolExists.c.o
/usr/bin/cc    -o CMakeFiles/cmTryCompileExec1014869262.dir/CheckSymbolExists.c.o   -c /home/lyw/catkin_rovio/build/catkin_tools_prebuild/CMakeFiles/CMakeTmp/CheckSymbolExists.c
Linking C executable cmTryCompileExec1014869262
/usr/bin/cmake -E cmake_link_script CMakeFiles/cmTryCompileExec1014869262.dir/link.txt --verbose=1
/usr/bin/cc       CMakeFiles/cmTryCompileExec1014869262.dir/CheckSymbolExists.c.o  -o cmTryCompileExec1014869262 -rdynamic 
CMakeFiles/cmTryCompileExec1014869262.dir/CheckSymbolExists.c.o: In function `main':
CheckSymbolExists.c:(.text+0x16): undefined reference to `pthread_create'
collect2: error: ld returned 1 exit status
make[1]: *** [cmTryCompileExec1014869262] Error 1
make[1]: Leaving directory `/home/lyw/catkin_rovio/build/catkin_tools_prebuild/CMakeFiles/CMakeTmp'
make: *** [cmTryCompileExec1014869262/fast] Error 2

File /home/lyw/catkin_rovio/build/catkin_tools_prebuild/CMakeFiles/CMakeTmp/CheckSymbolExists.c:
/* */
#include <pthread.h>

int main(int argc, char** argv)
{
  (void)argv;
#ifndef pthread_create
  return ((int*)(&pthread_create))[argc];
#else
  (void)argc;
  return 0;
#endif
}

Determining if the function pthread_create exists in the pthreads failed with the following output:
Change Dir: /home/lyw/catkin_rovio/build/catkin_tools_prebuild/CMakeFiles/CMakeTmp

Run Build Command:/usr/bin/make "cmTryCompileExec4249003381/fast"
/usr/bin/make -f CMakeFiles/cmTryCompileExec4249003381.dir/build.make CMakeFiles/cmTryCompileExec4249003381.dir/build
make[1]: Entering directory `/home/lyw/catkin_rovio/build/catkin_tools_prebuild/CMakeFiles/CMakeTmp'
/usr/bin/cmake -E cmake_progress_report /home/lyw/catkin_rovio/build/catkin_tools_prebuild/CMakeFiles/CMakeTmp/CMakeFiles 1
Building C object CMakeFiles/cmTryCompileExec4249003381.dir/CheckFunctionExists.c.o
/usr/bin/cc   -DCHECK_FUNCTION_EXISTS=pthread_create   -o CMakeFiles/cmTryCompileExec4249003381.dir/CheckFunctionExists.c.o   -c /usr/share/cmake-2.8/Modules/CheckFunctionExists.c
Linking C executable cmTryCompileExec4249003381
/usr/bin/cmake -E cmake_link_script CMakeFiles/cmTryCompileExec4249003381.dir/link.txt --verbose=1
/usr/bin/cc   -DCHECK_FUNCTION_EXISTS=pthread_create    CMakeFiles/cmTryCompileExec4249003381.dir/CheckFunctionExists.c.o  -o cmTryCompileExec4249003381 -rdynamic -lpthreads 
/usr/bin/ld: cannot find -lpthreads
collect2: error: ld returned 1 exit status
make[1]: *** [cmTryCompileExec4249003381] Error 1
make[1]: Leaving directory `/home/lyw/catkin_rovio/build/catkin_tools_prebuild/CMakeFiles/CMakeTmp'
make: *** [cmTryCompileExec4249003381/fast] Error 2


